<?xml version="1.0" encoding="UTF-8"?>
<testng-results ignored="0" total="7" passed="5" failed="2" skipped="0">
  <reporter-output>
  </reporter-output>
  <suite started-at="2025-09-16T21:21:36 IST" name="Suite" finished-at="2025-09-16T21:23:46 IST" duration-ms="129986">
    <groups>
      <group name="Sanity">
        <method signature="LoginTest_DDT.login(java.lang.String,java.lang.String,java.lang.String)[pri:0, instance:testcases.LoginTest_DDT@367ffa75]" name="login" class="testcases.LoginTest_DDT"/>
        <method signature="AccountRegistration.registration()[pri:1, instance:testcases.AccountRegistration@5fbe4146]" name="registration" class="testcases.AccountRegistration"/>
      </group> <!-- Sanity -->
      <group name="Regression">
        <method signature="LoginTest.login()[pri:0, instance:testcases.LoginTest@7530ad9c]" name="login" class="testcases.LoginTest"/>
        <method signature="SearchingProduct.searchingproduct()[pri:0, instance:testcases.SearchingProduct@65d09a04]" name="searchingproduct" class="testcases.SearchingProduct"/>
      </group> <!-- Regression -->
    </groups>
    <test started-at="2025-09-16T21:21:36 IST" name="LoginDDT" finished-at="2025-09-16T21:22:44 IST" duration-ms="67857">
      <class name="testcases.LoginTest_DDT">
        <test-method is-config="true" signature="login(java.lang.String,java.lang.String)[pri:0, instance:testcases.LoginTest_DDT@367ffa75]" started-at="2025-09-16T21:21:37 IST" name="login" finished-at="2025-09-16T21:21:50 IST" duration-ms="13626" status="PASS">
          <params>
            <param index="0">
              <value>
                <![CDATA[chrome]]>
              </value>
            </param>
            <param index="1">
              <value>
                <![CDATA[Windows]]>
              </value>
            </param>
          </params>
          <reporter-output>
          </reporter-output>
        </test-method> <!-- login -->
        <test-method signature="login(java.lang.String,java.lang.String,java.lang.String)[pri:0, instance:testcases.LoginTest_DDT@367ffa75]" started-at="2025-09-16T21:21:52 IST" name="login" data-provider="LoginData" finished-at="2025-09-16T21:22:04 IST" duration-ms="12101" status="PASS">
          <params>
            <param index="0">
              <value>
                <![CDATA[pmtest@gmail.com]]>
              </value>
            </param>
            <param index="1">
              <value>
                <![CDATA[abcABC]]>
              </value>
            </param>
            <param index="2">
              <value>
                <![CDATA[Valid]]>
              </value>
            </param>
          </params>
          <reporter-output>
          </reporter-output>
        </test-method> <!-- login -->
        <test-method signature="login(java.lang.String,java.lang.String,java.lang.String)[pri:0, instance:testcases.LoginTest_DDT@367ffa75]" started-at="2025-09-16T21:22:04 IST" name="login" data-provider="LoginData" finished-at="2025-09-16T21:22:14 IST" duration-ms="9897" status="FAIL">
          <params>
            <param index="0">
              <value>
                <![CDATA[lakshmi@yahoo.com]]>
              </value>
            </param>
            <param index="1">
              <value>
                <![CDATA[Laxmi]]>
              </value>
            </param>
            <param index="2">
              <value>
                <![CDATA[Invalid]]>
              </value>
            </param>
          </params>
          <exception class="java.lang.AssertionError">
            <message>
              <![CDATA[expected [true] but found [false]]]>
            </message>
            <full-stacktrace>
              <![CDATA[java.lang.AssertionError: expected [true] but found [false]
at org.testng.Assert.fail(Assert.java:111)
at org.testng.Assert.failNotEquals(Assert.java:1590)
at org.testng.Assert.assertTrue(Assert.java:57)
at org.testng.Assert.assertTrue(Assert.java:67)
at testcases.LoginTest_DDT.login(LoginTest_DDT.java:59)
at java.base/jdk.internal.reflect.DirectMethodHandleAccessor.invoke(DirectMethodHandleAccessor.java:103)
at java.base/java.lang.reflect.Method.invoke(Method.java:580)
at org.testng.internal.invokers.MethodInvocationHelper.invokeMethod(MethodInvocationHelper.java:141)
at org.testng.internal.invokers.TestInvoker.invokeMethod(TestInvoker.java:687)
at org.testng.internal.invokers.TestInvoker.invokeTestMethod(TestInvoker.java:230)
at org.testng.internal.invokers.MethodRunner.runInSequence(MethodRunner.java:63)
at org.testng.internal.invokers.TestInvoker$MethodInvocationAgent.invoke(TestInvoker.java:995)
at org.testng.internal.invokers.TestInvoker.invokeTestMethods(TestInvoker.java:203)
at org.testng.internal.invokers.TestMethodWorker.invokeTestMethods(TestMethodWorker.java:154)
at org.testng.internal.invokers.TestMethodWorker.run(TestMethodWorker.java:134)
at java.base/java.util.ArrayList.forEach(ArrayList.java:1596)
at org.testng.TestRunner.privateRun(TestRunner.java:741)
at org.testng.TestRunner.run(TestRunner.java:616)
at org.testng.SuiteRunner.runTest(SuiteRunner.java:421)
at org.testng.SuiteRunner.runSequentially(SuiteRunner.java:413)
at org.testng.SuiteRunner.privateRun(SuiteRunner.java:373)
at org.testng.SuiteRunner.run(SuiteRunner.java:312)
at org.testng.SuiteRunnerWorker.runSuite(SuiteRunnerWorker.java:52)
at org.testng.SuiteRunnerWorker.run(SuiteRunnerWorker.java:95)
at org.testng.TestNG.runSuitesSequentially(TestNG.java:1274)
at org.testng.TestNG.runSuitesLocally(TestNG.java:1208)
at org.testng.TestNG.runSuites(TestNG.java:1112)
at org.testng.TestNG.run(TestNG.java:1079)
at org.testng.remote.AbstractRemoteTestNG.run(AbstractRemoteTestNG.java:115)
at org.testng.remote.RemoteTestNG.initAndRun(RemoteTestNG.java:293)
at org.testng.remote.RemoteTestNG.main(RemoteTestNG.java:91)
]]>
            </full-stacktrace>
          </exception> <!-- java.lang.AssertionError -->
          <reporter-output>
          </reporter-output>
        </test-method> <!-- login -->
        <test-method signature="login(java.lang.String,java.lang.String,java.lang.String)[pri:0, instance:testcases.LoginTest_DDT@367ffa75]" started-at="2025-09-16T21:22:14 IST" name="login" data-provider="LoginData" finished-at="2025-09-16T21:22:24 IST" duration-ms="9860" status="FAIL">
          <params>
            <param index="0">
              <value>
                <![CDATA[laksh@yahoo.com]]>
              </value>
            </param>
            <param index="1">
              <value>
                <![CDATA[Lakshmi]]>
              </value>
            </param>
            <param index="2">
              <value>
                <![CDATA[Invalid]]>
              </value>
            </param>
          </params>
          <exception class="java.lang.AssertionError">
            <message>
              <![CDATA[expected [true] but found [false]]]>
            </message>
            <full-stacktrace>
              <![CDATA[java.lang.AssertionError: expected [true] but found [false]
at org.testng.Assert.fail(Assert.java:111)
at org.testng.Assert.failNotEquals(Assert.java:1590)
at org.testng.Assert.assertTrue(Assert.java:57)
at org.testng.Assert.assertTrue(Assert.java:67)
at testcases.LoginTest_DDT.login(LoginTest_DDT.java:59)
at java.base/jdk.internal.reflect.DirectMethodHandleAccessor.invoke(DirectMethodHandleAccessor.java:103)
at java.base/java.lang.reflect.Method.invoke(Method.java:580)
at org.testng.internal.invokers.MethodInvocationHelper.invokeMethod(MethodInvocationHelper.java:141)
at org.testng.internal.invokers.TestInvoker.invokeMethod(TestInvoker.java:687)
at org.testng.internal.invokers.TestInvoker.invokeTestMethod(TestInvoker.java:230)
at org.testng.internal.invokers.MethodRunner.runInSequence(MethodRunner.java:63)
at org.testng.internal.invokers.TestInvoker$MethodInvocationAgent.invoke(TestInvoker.java:995)
at org.testng.internal.invokers.TestInvoker.invokeTestMethods(TestInvoker.java:203)
at org.testng.internal.invokers.TestMethodWorker.invokeTestMethods(TestMethodWorker.java:154)
at org.testng.internal.invokers.TestMethodWorker.run(TestMethodWorker.java:134)
at java.base/java.util.ArrayList.forEach(ArrayList.java:1596)
at org.testng.TestRunner.privateRun(TestRunner.java:741)
at org.testng.TestRunner.run(TestRunner.java:616)
at org.testng.SuiteRunner.runTest(SuiteRunner.java:421)
at org.testng.SuiteRunner.runSequentially(SuiteRunner.java:413)
at org.testng.SuiteRunner.privateRun(SuiteRunner.java:373)
at org.testng.SuiteRunner.run(SuiteRunner.java:312)
at org.testng.SuiteRunnerWorker.runSuite(SuiteRunnerWorker.java:52)
at org.testng.SuiteRunnerWorker.run(SuiteRunnerWorker.java:95)
at org.testng.TestNG.runSuitesSequentially(TestNG.java:1274)
at org.testng.TestNG.runSuitesLocally(TestNG.java:1208)
at org.testng.TestNG.runSuites(TestNG.java:1112)
at org.testng.TestNG.run(TestNG.java:1079)
at org.testng.remote.AbstractRemoteTestNG.run(AbstractRemoteTestNG.java:115)
at org.testng.remote.RemoteTestNG.initAndRun(RemoteTestNG.java:293)
at org.testng.remote.RemoteTestNG.main(RemoteTestNG.java:91)
]]>
            </full-stacktrace>
          </exception> <!-- java.lang.AssertionError -->
          <reporter-output>
          </reporter-output>
        </test-method> <!-- login -->
        <test-method signature="login(java.lang.String,java.lang.String,java.lang.String)[pri:0, instance:testcases.LoginTest_DDT@367ffa75]" started-at="2025-09-16T21:22:24 IST" name="login" data-provider="LoginData" finished-at="2025-09-16T21:22:43 IST" duration-ms="18870" status="PASS">
          <params>
            <param index="0">
              <value>
                <![CDATA[laks@yahoo.com]]>
              </value>
            </param>
            <param index="1">
              <value>
                <![CDATA[xyz]]>
              </value>
            </param>
            <param index="2">
              <value>
                <![CDATA[Invalid]]>
              </value>
            </param>
          </params>
          <reporter-output>
          </reporter-output>
        </test-method> <!-- login -->
        <test-method is-config="true" signature="teardown()[pri:0, instance:testcases.LoginTest_DDT@367ffa75]" started-at="2025-09-16T21:22:43 IST" name="teardown" finished-at="2025-09-16T21:22:44 IST" duration-ms="778" status="PASS">
          <reporter-output>
          </reporter-output>
        </test-method> <!-- teardown -->
      </class> <!-- testcases.LoginTest_DDT -->
    </test> <!-- LoginDDT -->
    <test started-at="2025-09-16T21:22:45 IST" name="AccRegis" finished-at="2025-09-16T21:23:11 IST" duration-ms="25475">
      <class name="testcases.AccountRegistration">
        <test-method is-config="true" signature="login(java.lang.String,java.lang.String)[pri:0, instance:testcases.AccountRegistration@5fbe4146]" started-at="2025-09-16T21:22:45 IST" name="login" finished-at="2025-09-16T21:23:00 IST" duration-ms="14511" status="PASS">
          <params>
            <param index="0">
              <value>
                <![CDATA[edge]]>
              </value>
            </param>
            <param index="1">
              <value>
                <![CDATA[Windows]]>
              </value>
            </param>
          </params>
          <reporter-output>
          </reporter-output>
        </test-method> <!-- login -->
        <test-method signature="registration()[pri:1, instance:testcases.AccountRegistration@5fbe4146]" started-at="2025-09-16T21:23:00 IST" name="registration" finished-at="2025-09-16T21:23:10 IST" duration-ms="10419" status="PASS">
          <reporter-output>
          </reporter-output>
        </test-method> <!-- registration -->
        <test-method is-config="true" signature="teardown()[pri:0, instance:testcases.AccountRegistration@5fbe4146]" started-at="2025-09-16T21:23:10 IST" name="teardown" finished-at="2025-09-16T21:23:11 IST" duration-ms="526" status="PASS">
          <reporter-output>
          </reporter-output>
        </test-method> <!-- teardown -->
      </class> <!-- testcases.AccountRegistration -->
    </test> <!-- AccRegis -->
    <test started-at="2025-09-16T21:23:12 IST" name="Login" finished-at="2025-09-16T21:23:33 IST" duration-ms="21333">
      <class name="testcases.LoginTest">
        <test-method is-config="true" signature="login(java.lang.String,java.lang.String)[pri:0, instance:testcases.LoginTest@7530ad9c]" started-at="2025-09-16T21:23:12 IST" name="login" finished-at="2025-09-16T21:23:23 IST" duration-ms="11363" status="PASS">
          <params>
            <param index="0">
              <value>
                <![CDATA[chrome]]>
              </value>
            </param>
            <param index="1">
              <value>
                <![CDATA[Windows]]>
              </value>
            </param>
          </params>
          <reporter-output>
          </reporter-output>
        </test-method> <!-- login -->
        <test-method signature="login()[pri:0, instance:testcases.LoginTest@7530ad9c]" started-at="2025-09-16T21:23:23 IST" name="login" finished-at="2025-09-16T21:23:33 IST" duration-ms="9618" status="PASS">
          <reporter-output>
          </reporter-output>
        </test-method> <!-- login -->
        <test-method is-config="true" signature="teardown()[pri:0, instance:testcases.LoginTest@7530ad9c]" started-at="2025-09-16T21:23:33 IST" name="teardown" finished-at="2025-09-16T21:23:33 IST" duration-ms="343" status="PASS">
          <reporter-output>
          </reporter-output>
        </test-method> <!-- teardown -->
      </class> <!-- testcases.LoginTest -->
    </test> <!-- Login -->
    <test started-at="2025-09-16T21:23:33 IST" name="product search" finished-at="2025-09-16T21:23:46 IST" duration-ms="12856">
      <class name="testcases.SearchingProduct">
        <test-method is-config="true" signature="login(java.lang.String,java.lang.String)[pri:0, instance:testcases.SearchingProduct@65d09a04]" started-at="2025-09-16T21:23:33 IST" name="login" finished-at="2025-09-16T21:23:44 IST" duration-ms="11107" status="PASS">
          <params>
            <param index="0">
              <value>
                <![CDATA[chrome]]>
              </value>
            </param>
            <param index="1">
              <value>
                <![CDATA[Windows]]>
              </value>
            </param>
          </params>
          <reporter-output>
          </reporter-output>
        </test-method> <!-- login -->
        <test-method signature="searchingproduct()[pri:0, instance:testcases.SearchingProduct@65d09a04]" started-at="2025-09-16T21:23:44 IST" name="searchingproduct" finished-at="2025-09-16T21:23:46 IST" duration-ms="1429" status="PASS">
          <reporter-output>
          </reporter-output>
        </test-method> <!-- searchingproduct -->
        <test-method is-config="true" signature="teardown()[pri:0, instance:testcases.SearchingProduct@65d09a04]" started-at="2025-09-16T21:23:46 IST" name="teardown" finished-at="2025-09-16T21:23:46 IST" duration-ms="314" status="PASS">
          <reporter-output>
          </reporter-output>
        </test-method> <!-- teardown -->
      </class> <!-- testcases.SearchingProduct -->
    </test> <!-- product search -->
  </suite> <!-- Suite -->
</testng-results>
